2023-10-08 12:25:39 - request_log.get_data.send_requests - INFO - Response: GET https://proxy.scrapeops.io/v1/?api_key=4ed7a00a-da59-4ac1-874e-afc361832278&url=https%3A%2F%2Fwww.motogp.com%2Fen%2Friders%2Fmotogp - Status 200
2023-10-08 12:25:41 - request_log.get_data.send_requests - INFO - Response: GET https://proxy.scrapeops.io/v1/?api_key=4ed7a00a-da59-4ac1-874e-afc361832278&url=https%3A%2F%2Fwww.motogp.com%2Fen%2Friders%2Ffrancesco-bagnaia%2F66b78301-5826-4986-b11e-fa68a7bd77a7 - Status 200
2023-10-08 12:25:41 - request_log.get_data.send_requests - INFO - Response: GET https://proxy.scrapeops.io/v1/?api_key=4ed7a00a-da59-4ac1-874e-afc361832278&url=https%3A%2F%2Fwww.motogp.com%2Fen%2Friders%2Fjohann-zarco%2F4a439bde-305a-4995-b3e7-783fa99f784a - Status 200
2023-10-08 12:25:41 - request_log.get_data.send_requests - INFO - Response: GET https://proxy.scrapeops.io/v1/?api_key=4ed7a00a-da59-4ac1-874e-afc361832278&url=https%3A%2F%2Fwww.motogp.com%2Fen%2Friders%2Fdanilo-petrucci%2Fc403dc28-7881-4d3d-99d4-5fe5eb1236e5 - Status 200
2023-10-08 12:25:41 - request_log.get_data.send_requests - INFO - Response: GET https://proxy.scrapeops.io/v1/?api_key=4ed7a00a-da59-4ac1-874e-afc361832278&url=https%3A%2F%2Fwww.motogp.com%2Fen%2Friders%2Fstefan-bradl%2Ff5f54b1e-b2c3-4bfe-9f04-e5f722a7b9e4 - Status 200
2023-10-08 12:25:42 - request_log.get_data.send_requests - INFO - Response: GET https://proxy.scrapeops.io/v1/?api_key=4ed7a00a-da59-4ac1-874e-afc361832278&url=https%3A%2F%2Fwww.motogp.com%2Fen%2Friders%2Ftakumi-takahashi%2Fdb18fcbb-f52b-46e3-8482-e478bd4281b3 - Status 200
2023-10-08 12:25:43 - request_log.get_data.send_requests - INFO - Response: GET https://proxy.scrapeops.io/v1/?api_key=4ed7a00a-da59-4ac1-874e-afc361832278&url=https%3A%2F%2Fwww.motogp.com%2Fen%2Friders%2Ffabio-quartararo%2Fbf95d959-6a60-44f1-84b5-ded861e62578 - Status 200
2023-10-08 12:25:43 - request_log.get_data.send_requests - INFO - Response: GET https://proxy.scrapeops.io/v1/?api_key=4ed7a00a-da59-4ac1-874e-afc361832278&url=https%3A%2F%2Fwww.motogp.com%2Fen%2Friders%2Fenea-bastianini%2F00db2312-15f2-4333-be5c-4bbff9d17aec - Status 200
2023-10-08 12:25:43 - request_log.get_data.send_requests - INFO - Response: GET https://proxy.scrapeops.io/v1/?api_key=4ed7a00a-da59-4ac1-874e-afc361832278&url=https%3A%2F%2Fwww.motogp.com%2Fen%2Friders%2Fmaverick-vinales%2F71df6f0d-51c3-4cdb-9f5c-51939e6f33f2 - Status 200
2023-10-08 12:25:43 - request_log.get_data.send_requests - INFO - Response: GET https://proxy.scrapeops.io/v1/?api_key=4ed7a00a-da59-4ac1-874e-afc361832278&url=https%3A%2F%2Fwww.motogp.com%2Fen%2Friders%2Ffranco-morbidelli%2F4113c5f7-33c5-4246-b05b-3f81f4ddbd8f - Status 200
2023-10-08 12:25:44 - request_log.get_data.send_requests - INFO - Response: GET https://proxy.scrapeops.io/v1/?api_key=4ed7a00a-da59-4ac1-874e-afc361832278&url=https%3A%2F%2Fwww.motogp.com%2Fen%2Friders%2Fiker-lecuona%2F92d574d5-d064-4612-bf3e-421d01572512 - Status 200
2023-10-08 12:25:44 - request_log.get_data.send_requests - INFO - Response: GET https://proxy.scrapeops.io/v1/?api_key=4ed7a00a-da59-4ac1-874e-afc361832278&url=https%3A%2F%2Fwww.motogp.com%2Fen%2Friders%2Fraul-fernandez%2Feec1f7dc-b115-44f6-82aa-73130e5c92cf - Status 200
2023-10-08 12:25:45 - request_log.get_data.send_requests - INFO - Response: GET https://proxy.scrapeops.io/v1/?api_key=4ed7a00a-da59-4ac1-874e-afc361832278&url=https%3A%2F%2Fwww.motogp.com%2Fen%2Friders%2Fdani-pedrosa%2Fa8071fde-27fa-49f0-96c8-a53030fcd0dc - Status 200
2023-10-08 12:25:46 - request_log.get_data.send_requests - INFO - Response: GET https://proxy.scrapeops.io/v1/?api_key=4ed7a00a-da59-4ac1-874e-afc361832278&url=https%3A%2F%2Fwww.motogp.com%2Fen%2Friders%2Fbrad-binder%2Fade5ef32-01ea-487c-95ca-491544a668ed - Status 200
2023-10-08 12:25:46 - request_log.get_data.send_requests - INFO - Response: GET https://proxy.scrapeops.io/v1/?api_key=4ed7a00a-da59-4ac1-874e-afc361832278&url=https%3A%2F%2Fwww.motogp.com%2Fen%2Friders%2Florenzo-savadori%2Fa1311c17-1099-4893-bba0-347bf43226a4 - Status 200
2023-10-08 12:25:47 - request_log.get_data.send_requests - INFO - Response: GET https://proxy.scrapeops.io/v1/?api_key=4ed7a00a-da59-4ac1-874e-afc361832278&url=https%3A%2F%2Fwww.motogp.com%2Fen%2Friders%2Fluca-marini%2F5dfc20db-c3c4-4ecd-9c7c-f6cfd042031a - Status 200
2023-10-08 12:25:47 - request_log.get_data.send_requests - INFO - Response: GET https://proxy.scrapeops.io/v1/?api_key=4ed7a00a-da59-4ac1-874e-afc361832278&url=https%3A%2F%2Fwww.motogp.com%2Fen%2Friders%2Ftakaaki-nakagami%2Fa7b4d63f-45b3-402e-b66c-001ed8a62934 - Status 200
2023-10-08 12:25:47 - request_log.get_data.send_requests - INFO - Response: GET https://proxy.scrapeops.io/v1/?api_key=4ed7a00a-da59-4ac1-874e-afc361832278&url=https%3A%2F%2Fwww.motogp.com%2Fen%2Friders%2Fcal-crutchlow%2Fec9adf3a-985f-4eb6-8ffd-54b688f49846 - Status 200
2023-10-08 12:25:47 - request_log.get_data.send_requests - INFO - Response: GET https://proxy.scrapeops.io/v1/?api_key=4ed7a00a-da59-4ac1-874e-afc361832278&url=https%3A%2F%2Fwww.motogp.com%2Fen%2Friders%2Faugusto-fernandez%2Feb7f90b1-9373-4089-b2f5-adbc234a3526 - Status 200
2023-10-08 12:25:48 - request_log.get_data.send_requests - INFO - Response: GET https://proxy.scrapeops.io/v1/?api_key=4ed7a00a-da59-4ac1-874e-afc361832278&url=https%3A%2F%2Fwww.motogp.com%2Fen%2Friders%2Falex-rins%2F04bf0ce4-5062-44fc-9745-ec85a8d8f8d3 - Status 200
2023-10-08 12:25:48 - request_log.get_data.send_requests - INFO - Response: GET https://proxy.scrapeops.io/v1/?api_key=4ed7a00a-da59-4ac1-874e-afc361832278&url=https%3A%2F%2Fwww.motogp.com%2Fen%2Friders%2Fjack-miller%2Fb0c1fea6-2dd5-4e26-8a18-0ac9fe6870e4 - Status 200
2023-10-08 12:25:49 - request_log.get_data.send_requests - INFO - Response: GET https://proxy.scrapeops.io/v1/?api_key=4ed7a00a-da59-4ac1-874e-afc361832278&url=https%3A%2F%2Fwww.motogp.com%2Fen%2Friders%2Fpol-espargaro%2Fb8b255af-e344-4ca7-818b-480c18a11088 - Status 200
2023-10-08 12:25:51 - request_log.get_data.send_requests - INFO - Response: GET https://proxy.scrapeops.io/v1/?api_key=4ed7a00a-da59-4ac1-874e-afc361832278&url=https%3A%2F%2Fwww.motogp.com%2Fen%2Friders%2Fmarco-bezzecchi%2Fe622ec5b-5ccf-457c-a67f-ec028f0ddf6e - Status 200
2023-10-08 12:25:52 - request_log.get_data.send_requests - INFO - Response: GET https://proxy.scrapeops.io/v1/?api_key=4ed7a00a-da59-4ac1-874e-afc361832278&url=https%3A%2F%2Fwww.motogp.com%2Fen%2Friders%2Fjoan-mir%2Ff55f9c34-8621-437b-ae04-ae2418720204 - Status 200
2023-10-08 12:25:52 - request_log.get_data.send_requests - INFO - Response: GET https://proxy.scrapeops.io/v1/?api_key=4ed7a00a-da59-4ac1-874e-afc361832278&url=https%3A%2F%2Fwww.motogp.com%2Fen%2Friders%2Faleix-espargaro%2Fa2f51450-cb43-4d32-8eef-bda9ebb435ed - Status 200
2023-10-08 12:25:52 - request_log.get_data.send_requests - INFO - Response: GET https://proxy.scrapeops.io/v1/?api_key=4ed7a00a-da59-4ac1-874e-afc361832278&url=https%3A%2F%2Fwww.motogp.com%2Fen%2Friders%2Falex-marquez%2F41195f0f-9817-4a4d-913e-c1fbbb351d9b - Status 200
2023-10-08 12:25:53 - request_log.get_data.send_requests - INFO - Response: GET https://proxy.scrapeops.io/v1/?api_key=4ed7a00a-da59-4ac1-874e-afc361832278&url=https%3A%2F%2Fwww.motogp.com%2Fen%2Friders%2Fjorge-martin%2F5b9af34e-da94-4ca2-9c4c-6be0fc8b1bbc - Status 200
2023-10-08 12:25:53 - request_log.get_data.send_requests - INFO - Response: GET https://proxy.scrapeops.io/v1/?api_key=4ed7a00a-da59-4ac1-874e-afc361832278&url=https%3A%2F%2Fwww.motogp.com%2Fen%2Friders%2Fmiguel-oliveira%2F50b4fb1f-1785-4a9a-a65c-97d0de9daa22 - Status 200
2023-10-08 12:25:54 - request_log.get_data.send_requests - INFO - Response: GET https://proxy.scrapeops.io/v1/?api_key=4ed7a00a-da59-4ac1-874e-afc361832278&url=https%3A%2F%2Fwww.motogp.com%2Fen%2Friders%2Ffabio-di-giannantonio%2F525b1551-f10b-4cfd-9b43-59af6fca654b - Status 200
2023-10-08 12:25:54 - request_log.get_data.send_requests - INFO - Response: GET https://proxy.scrapeops.io/v1/?api_key=4ed7a00a-da59-4ac1-874e-afc361832278&url=https%3A%2F%2Fwww.motogp.com%2Fen%2Friders%2Fmarc-marquez%2F23e50438-a657-4fb0-a190-3262b5472f29 - Status 200
2023-10-08 12:25:57 - request_log.get_data.send_requests - INFO - Response: GET https://proxy.scrapeops.io/v1/?api_key=4ed7a00a-da59-4ac1-874e-afc361832278&url=https%3A%2F%2Fwww.motogp.com%2Fen%2Friders%2Fjonas-folger%2F93d6c1b8-9853-4939-a926-f26593db8eaf - Status 200
2023-10-08 12:26:00 - request_log.get_data.send_requests - INFO - Response: GET https://proxy.scrapeops.io/v1/?api_key=4ed7a00a-da59-4ac1-874e-afc361832278&url=https%3A%2F%2Fwww.motogp.com%2Fen%2Friders%2Fmichele-pirro%2F7c653b2a-b493-436b-a77e-06a43b37b799 - Status 200
2023-10-08 12:26:03 - request_log.get_data.send_requests - INFO - Response: GET https://proxy.scrapeops.io/v1/?api_key=4ed7a00a-da59-4ac1-874e-afc361832278&url=https%3A%2F%2Fwww.motogp.com%2Fen%2Friders%2Fbarry-baltus%2F31d9d715-4dbc-4d12-8a21-f2daffb62d7f - Status 200
2023-10-08 12:26:04 - request_log.get_data.send_requests - INFO - Response: GET https://proxy.scrapeops.io/v1/?api_key=4ed7a00a-da59-4ac1-874e-afc361832278&url=https%3A%2F%2Fwww.motogp.com%2Fen%2Friders%2Fsean-dylan-kelly%2F73dff6dc-63b4-45c1-903d-e144093c2add - Status 200
2023-10-08 12:26:05 - request_log.get_data.send_requests - INFO - Response: GET https://proxy.scrapeops.io/v1/?api_key=4ed7a00a-da59-4ac1-874e-afc361832278&url=https%3A%2F%2Fwww.motogp.com%2Fen%2Friders%2Fkohta-nozane%2F20c36b7f-57f5-4e81-aa07-247e86e5a5b0 - Status 200
2023-10-08 12:26:06 - request_log.get_data.send_requests - INFO - Response: GET https://proxy.scrapeops.io/v1/?api_key=4ed7a00a-da59-4ac1-874e-afc361832278&url=https%3A%2F%2Fwww.motogp.com%2Fen%2Friders%2Fmattia-casadei%2F69405c95-a8be-49d7-a4fc-9937c6d2f1f5 - Status 200
2023-10-08 12:26:08 - request_log.get_data.send_requests - INFO - Response: GET https://proxy.scrapeops.io/v1/?api_key=4ed7a00a-da59-4ac1-874e-afc361832278&url=https%3A%2F%2Fwww.motogp.com%2Fen%2Friders%2Flukas-tulovic%2Fbb99c8a8-58bb-45fa-91b2-2d8446cbc324 - Status 200
2023-10-08 12:26:08 - request_log.get_data.send_requests - INFO - Response: GET https://proxy.scrapeops.io/v1/?api_key=4ed7a00a-da59-4ac1-874e-afc361832278&url=https%3A%2F%2Fwww.motogp.com%2Fen%2Friders%2Ffilip-salac%2F48af1e5c-5376-43ad-9b26-9a860bef4e1d - Status 200
2023-10-08 12:26:09 - request_log.get_data.send_requests - INFO - Response: GET https://proxy.scrapeops.io/v1/?api_key=4ed7a00a-da59-4ac1-874e-afc361832278&url=https%3A%2F%2Fwww.motogp.com%2Fen%2Friders%2Fsenna-agius%2Fb6abeabd-e023-4537-b808-92844d2b6bd4 - Status 200
2023-10-08 12:26:09 - request_log.get_data.send_requests - INFO - Response: GET https://proxy.scrapeops.io/v1/?api_key=4ed7a00a-da59-4ac1-874e-afc361832278&url=https%3A%2F%2Fwww.motogp.com%2Fen%2Friders%2Fsoichiro-minamimoto%2Fbc4a609a-817c-4c8d-9491-89ae7f48678a - Status 200
2023-10-08 12:26:10 - request_log.get_data.send_requests - INFO - Response: GET https://proxy.scrapeops.io/v1/?api_key=4ed7a00a-da59-4ac1-874e-afc361832278&url=https%3A%2F%2Fwww.motogp.com%2Fen%2Friders%2Ftony-arbolino%2F5c8bbc11-a1aa-4f55-b9dc-f2e8b7c33ceb - Status 200
2023-10-08 12:26:10 - request_log.get_data.send_requests - INFO - Response: GET https://proxy.scrapeops.io/v1/?api_key=4ed7a00a-da59-4ac1-874e-afc361832278&url=https%3A%2F%2Fwww.motogp.com%2Fen%2Friders%2Fcelestino-vietti%2Fdd56704e-b40e-4202-8af2-a81b7fd6a82d - Status 200
2023-10-08 12:26:10 - request_log.get_data.send_requests - INFO - Response: GET https://proxy.scrapeops.io/v1/?api_key=4ed7a00a-da59-4ac1-874e-afc361832278&url=https%3A%2F%2Fwww.motogp.com%2Fen%2Friders%2Fjoe-roberts%2F3157c88e-bd94-4851-9fe2-1d7458f65a1e - Status 200
2023-10-08 12:26:10 - request_log.get_data.send_requests - INFO - Response: GET https://proxy.scrapeops.io/v1/?api_key=4ed7a00a-da59-4ac1-874e-afc361832278&url=https%3A%2F%2Fwww.motogp.com%2Fen%2Friders%2Fdarryn-binder%2F3c4a2a9d-7d61-4931-a0d5-5b4b0d4d7888 - Status 200
2023-10-08 12:26:11 - request_log.get_data.send_requests - INFO - Response: GET https://proxy.scrapeops.io/v1/?api_key=4ed7a00a-da59-4ac1-874e-afc361832278&url=https%3A%2F%2Fwww.motogp.com%2Fen%2Friders%2Falex-escrig%2F57787b04-f675-4877-a72a-b5340a45109a - Status 200
2023-10-08 12:26:11 - request_log.get_data.send_requests - INFO - Response: GET https://proxy.scrapeops.io/v1/?api_key=4ed7a00a-da59-4ac1-874e-afc361832278&url=https%3A%2F%2Fwww.motogp.com%2Fen%2Friders%2Fmanuel-gonzalez%2F96edcb06-aa78-4976-9559-62186821e48e - Status 200
2023-10-08 12:26:12 - request_log.get_data.send_requests - INFO - Response: GET https://proxy.scrapeops.io/v1/?api_key=4ed7a00a-da59-4ac1-874e-afc361832278&url=https%3A%2F%2Fwww.motogp.com%2Fen%2Friders%2Falonso-lopez%2F88ec0ae1-53e4-48d4-8c60-6b74210d7552 - Status 200
2023-10-08 12:26:13 - request_log.get_data.send_requests - INFO - Response: GET https://proxy.scrapeops.io/v1/?api_key=4ed7a00a-da59-4ac1-874e-afc361832278&url=https%3A%2F%2Fwww.motogp.com%2Fen%2Friders%2Fsam-lowes%2F2884c2c2-0c22-4958-9722-55e9ecd2b879 - Status 200
2023-10-08 12:26:13 - request_log.get_data.send_requests - INFO - Response: GET https://proxy.scrapeops.io/v1/?api_key=4ed7a00a-da59-4ac1-874e-afc361832278&url=https%3A%2F%2Fwww.motogp.com%2Fen%2Friders%2Fsergio-garcia%2F6251aee5-6e36-455c-8b43-e6fd1753fd8d - Status 200
2023-10-08 12:26:14 - request_log.get_data.send_requests - INFO - Response: GET https://proxy.scrapeops.io/v1/?api_key=4ed7a00a-da59-4ac1-874e-afc361832278&url=https%3A%2F%2Fwww.motogp.com%2Fen%2Friders%2Fkasma-daniel%2F308a1ebd-28f4-47f9-850d-fca6bb784e22 - Status 200
2023-10-08 12:26:15 - request_log.get_data.send_requests - INFO - Response: GET https://proxy.scrapeops.io/v1/?api_key=4ed7a00a-da59-4ac1-874e-afc361832278&url=https%3A%2F%2Fwww.motogp.com%2Fen%2Friders%2Florenzo-dalla-porta%2Fbc351664-358c-445b-b6a4-579cf052eb04 - Status 200
2023-10-08 12:26:15 - request_log.get_data.send_requests - INFO - Response: GET https://proxy.scrapeops.io/v1/?api_key=4ed7a00a-da59-4ac1-874e-afc361832278&url=https%3A%2F%2Fwww.motogp.com%2Fen%2Friders%2Fizan-guevara%2F28d22e58-56c2-4c94-97fc-09453bfa089f - Status 200
2023-10-08 12:26:16 - request_log.get_data.send_requests - INFO - Response: GET https://proxy.scrapeops.io/v1/?api_key=4ed7a00a-da59-4ac1-874e-afc361832278&url=https%3A%2F%2Fwww.motogp.com%2Fen%2Friders%2Fmattia-pasini%2F038b4557-1de1-4dac-84cd-76b2911f0761 - Status 200
2023-10-08 12:26:16 - request_log.get_data.send_requests - INFO - Response: GET https://proxy.scrapeops.io/v1/?api_key=4ed7a00a-da59-4ac1-874e-afc361832278&url=https%3A%2F%2Fwww.motogp.com%2Fen%2Friders%2Frory-skinner%2F49825af3-cbba-4753-9f9b-531fbdf95d0f - Status 200
2023-10-08 12:26:17 - request_log.get_data.send_requests - INFO - Response: GET https://proxy.scrapeops.io/v1/?api_key=4ed7a00a-da59-4ac1-874e-afc361832278&url=https%3A%2F%2Fwww.motogp.com%2Fen%2Friders%2Fsomkiat-chantra%2Ffa8ac04c-8fa2-4c43-9aa5-cc79b1f35fb9 - Status 200
2023-10-08 12:26:17 - request_log.get_data.send_requests - INFO - Response: GET https://proxy.scrapeops.io/v1/?api_key=4ed7a00a-da59-4ac1-874e-afc361832278&url=https%3A%2F%2Fwww.motogp.com%2Fen%2Friders%2Ftaiga-hada%2F64d9d78e-4191-4af9-816f-5243d17953cb - Status 200
2023-10-08 12:26:17 - request_log.get_data.send_requests - INFO - Response: GET https://proxy.scrapeops.io/v1/?api_key=4ed7a00a-da59-4ac1-874e-afc361832278&url=https%3A%2F%2Fwww.motogp.com%2Fen%2Friders%2Fpedro-acosta%2Fea39a0af-95d3-4a37-81a7-f332efdb9216 - Status 200
2023-10-08 12:26:19 - request_log.get_data.send_requests - INFO - Response: GET https://proxy.scrapeops.io/v1/?api_key=4ed7a00a-da59-4ac1-874e-afc361832278&url=https%3A%2F%2Fwww.motogp.com%2Fen%2Friders%2Fmarcos-ramirez%2F711cd7a3-7e13-413b-8de2-08d5bf4070f4 - Status 200
2023-10-08 12:26:19 - request_log.get_data.send_requests - INFO - Response: GET https://proxy.scrapeops.io/v1/?api_key=4ed7a00a-da59-4ac1-874e-afc361832278&url=https%3A%2F%2Fwww.motogp.com%2Fen%2Friders%2Faron-canet%2F12e072c6-c19b-4c35-a9c4-2c7deba15cb0 - Status 200
2023-10-08 12:26:20 - request_log.get_data.send_requests - INFO - Response: GET https://proxy.scrapeops.io/v1/?api_key=4ed7a00a-da59-4ac1-874e-afc361832278&url=https%3A%2F%2Fwww.motogp.com%2Fen%2Friders%2Fjeremy-alcoba%2F759df62d-deb9-4cee-b8d5-52dda63ffcee - Status 200
2023-10-08 12:26:20 - request_log.get_data.send_requests - INFO - Response: GET https://proxy.scrapeops.io/v1/?api_key=4ed7a00a-da59-4ac1-874e-afc361832278&url=https%3A%2F%2Fwww.motogp.com%2Fen%2Friders%2Fyeray-ruiz-%2F819bfa37-2bca-4f71-8857-74926f7b4f26 - Status 200
2023-10-08 12:26:21 - request_log.get_data.send_requests - INFO - Response: GET https://proxy.scrapeops.io/v1/?api_key=4ed7a00a-da59-4ac1-874e-afc361832278&url=https%3A%2F%2Fwww.motogp.com%2Fen%2Friders%2Ffermin-aldeguer-%2F71052114-5bce-4307-908c-4cc2bd387aac - Status 200
2023-10-08 12:26:21 - request_log.get_data.send_requests - INFO - Response: GET https://proxy.scrapeops.io/v1/?api_key=4ed7a00a-da59-4ac1-874e-afc361832278&url=https%3A%2F%2Fwww.motogp.com%2Fen%2Friders%2Fdennis-foggia%2Fa90f6d5b-cba7-45cd-932e-308514518b80 - Status 200
2023-10-08 12:26:21 - request_log.get_data.send_requests - INFO - Response: GET https://proxy.scrapeops.io/v1/?api_key=4ed7a00a-da59-4ac1-874e-afc361832278&url=https%3A%2F%2Fwww.motogp.com%2Fen%2Friders%2Fbo-bendsneyder%2F8af1df19-9d0b-47f4-b71b-870700b11c02 - Status 200
2023-10-08 12:26:22 - request_log.get_data.send_requests - INFO - Response: GET https://proxy.scrapeops.io/v1/?api_key=4ed7a00a-da59-4ac1-874e-afc361832278&url=https%3A%2F%2Fwww.motogp.com%2Fen%2Friders%2Falbert-arenas%2Fe2ffb0d7-5cec-4a50-b31c-0cf5834e2a3f - Status 200
2023-10-08 12:26:22 - request_log.get_data.send_requests - INFO - Response: GET https://proxy.scrapeops.io/v1/?api_key=4ed7a00a-da59-4ac1-874e-afc361832278&url=https%3A%2F%2Fwww.motogp.com%2Fen%2Friders%2Falberto-surra%2F7724db44-a641-4588-ac76-ec751b13c23e - Status 200
2023-10-08 12:26:22 - request_log.get_data.send_requests - INFO - Response: GET https://proxy.scrapeops.io/v1/?api_key=4ed7a00a-da59-4ac1-874e-afc361832278&url=https%3A%2F%2Fwww.motogp.com%2Fen%2Friders%2Fmattia-rato%2Fd04bff14-96ac-4edc-8935-75a498768c41 - Status 200
2023-10-08 12:26:22 - request_log.get_data.send_requests - INFO - Response: GET https://proxy.scrapeops.io/v1/?api_key=4ed7a00a-da59-4ac1-874e-afc361832278&url=https%3A%2F%2Fwww.motogp.com%2Fen%2Friders%2Fai-ogura%2F244b6f51-ac33-40ee-876d-9401dc9d1346 - Status 200
2023-10-08 12:26:23 - request_log.get_data.send_requests - INFO - Response: GET https://proxy.scrapeops.io/v1/?api_key=4ed7a00a-da59-4ac1-874e-afc361832278&url=https%3A%2F%2Fwww.motogp.com%2Fen%2Friders%2Fborja-gomez%2F9181ff74-e9f3-4933-a5a8-460f2634f4b2 - Status 200
2023-10-08 12:26:24 - request_log.get_data.send_requests - INFO - Response: GET https://proxy.scrapeops.io/v1/?api_key=4ed7a00a-da59-4ac1-874e-afc361832278&url=https%3A%2F%2Fwww.motogp.com%2Fen%2Friders%2Fjordi-torres%2Fa16709d0-4769-4505-93f2-a9c3b117b93e - Status 200
2023-10-08 12:26:24 - request_log.get_data.send_requests - INFO - Response: GET https://proxy.scrapeops.io/v1/?api_key=4ed7a00a-da59-4ac1-874e-afc361832278&url=https%3A%2F%2Fwww.motogp.com%2Fen%2Friders%2Fdavid-sanchis%2Fafbf7169-8b7d-459c-8e46-414669996544 - Status 200
2023-10-08 12:26:25 - request_log.get_data.send_requests - INFO - Response: GET https://proxy.scrapeops.io/v1/?api_key=4ed7a00a-da59-4ac1-874e-afc361832278&url=https%3A%2F%2Fwww.motogp.com%2Fen%2Friders%2Ffraser-rogers%2Ff389f824-5eb4-4d59-a647-a82fe58c67a9 - Status 200
2023-10-08 12:26:25 - request_log.get_data.send_requests - INFO - Response: GET https://proxy.scrapeops.io/v1/?api_key=4ed7a00a-da59-4ac1-874e-afc361832278&url=https%3A%2F%2Fwww.motogp.com%2Fen%2Friders%2Fcarlos-tatay%2F5ae12826-1546-4141-9665-7d9d52ea52af - Status 200
2023-10-08 12:26:28 - request_log.get_data.send_requests - INFO - Response: GET https://proxy.scrapeops.io/v1/?api_key=4ed7a00a-da59-4ac1-874e-afc361832278&url=https%3A%2F%2Fwww.motogp.com%2Fen%2Friders%2Fjake-dixon%2F35214310-1714-4584-b82a-c56a15bab2ca - Status 200
2023-10-08 12:26:28 - request_log.get_data.send_requests - INFO - Response: GET https://proxy.scrapeops.io/v1/?api_key=4ed7a00a-da59-4ac1-874e-afc361832278&url=https%3A%2F%2Fwww.motogp.com%2Fen%2Friders%2Fzonta-van-den-goorbergh%2F206c1c78-6d79-4e13-9568-5a90138ece2b - Status 200
2023-10-08 12:26:32 - request_log.get_data.send_requests - INFO - Response: GET https://proxy.scrapeops.io/v1/?api_key=4ed7a00a-da59-4ac1-874e-afc361832278&url=https%3A%2F%2Fwww.motogp.com%2Fen%2Friders%2Fjaume-masia%2Fc89dca21-ac56-4a94-b266-63673bbb8d23 - Status 200
2023-10-08 12:26:32 - request_log.get_data.send_requests - INFO - Response: GET https://proxy.scrapeops.io/v1/?api_key=4ed7a00a-da59-4ac1-874e-afc361832278&url=https%3A%2F%2Fwww.motogp.com%2Fen%2Friders%2Fdiogo-moreira%2Fe2479f8e-dad8-4191-9a6c-9d4aafa8c3a3 - Status 200
2023-10-08 12:26:34 - request_log.get_data.send_requests - INFO - Response: GET https://proxy.scrapeops.io/v1/?api_key=4ed7a00a-da59-4ac1-874e-afc361832278&url=https%3A%2F%2Fwww.motogp.com%2Fen%2Friders%2Fkadai-yaseen-ahamed%2Fb21b2cf3-4959-46cf-83bb-ecba54b47436 - Status 200
2023-10-08 12:26:35 - request_log.get_data.send_requests - INFO - Response: GET https://proxy.scrapeops.io/v1/?api_key=4ed7a00a-da59-4ac1-874e-afc361832278&url=https%3A%2F%2Fwww.motogp.com%2Fen%2Friders%2Fmatteo-bertelle%2Ffb584b95-a9ed-4d23-8db3-4a946db60fe8 - Status 200
2023-10-08 12:26:36 - request_log.get_data.send_requests - INFO - Response: GET https://proxy.scrapeops.io/v1/?api_key=4ed7a00a-da59-4ac1-874e-afc361832278&url=https%3A%2F%2Fwww.motogp.com%2Fen%2Friders%2Fscott-ogden%2Ff261e368-80bd-4830-9a2e-1cee3e6b0be4 - Status 200
2023-10-08 12:26:37 - request_log.get_data.send_requests - INFO - Response: GET https://proxy.scrapeops.io/v1/?api_key=4ed7a00a-da59-4ac1-874e-afc361832278&url=https%3A%2F%2Fwww.motogp.com%2Fen%2Friders%2Fnoah-dettwiler%2Fe25470bb-d9cb-488b-92b6-a5bf57e0f7e8 - Status 200
2023-10-08 12:26:37 - request_log.get_data.send_requests - INFO - Response: GET https://proxy.scrapeops.io/v1/?api_key=4ed7a00a-da59-4ac1-874e-afc361832278&url=https%3A%2F%2Fwww.motogp.com%2Fen%2Friders%2Fandrea-migno%2Fbda9a7f7-c0b5-46fa-ace0-221d9633b8f1 - Status 200
2023-10-08 12:26:38 - request_log.get_data.send_requests - INFO - Response: GET https://proxy.scrapeops.io/v1/?api_key=4ed7a00a-da59-4ac1-874e-afc361832278&url=https%3A%2F%2Fwww.motogp.com%2Fen%2Friders%2Fryusei-yamanaka%2Fb2570616-5431-4eb3-be49-d79fd4ff86e2 - Status 200
2023-10-08 12:26:38 - request_log.get_data.send_requests - INFO - Response: GET https://proxy.scrapeops.io/v1/?api_key=4ed7a00a-da59-4ac1-874e-afc361832278&url=https%3A%2F%2Fwww.motogp.com%2Fen%2Friders%2Florenzo-fellon%2F79e454c6-0d5d-47de-b389-3dc22c5152a4 - Status 200
2023-10-08 12:26:38 - request_log.get_data.send_requests - INFO - Response: GET https://proxy.scrapeops.io/v1/?api_key=4ed7a00a-da59-4ac1-874e-afc361832278&url=https%3A%2F%2Fwww.motogp.com%2Fen%2Friders%2Ffilippo-farioli%2F0f16b115-ba73-4369-a3ba-54773a84aa02 - Status 200
2023-10-08 12:26:39 - request_log.get_data.send_requests - INFO - Response: GET https://proxy.scrapeops.io/v1/?api_key=4ed7a00a-da59-4ac1-874e-afc361832278&url=https%3A%2F%2Fwww.motogp.com%2Fen%2Friders%2Fadrian-fernandez%2F587e8e1a-43c4-4372-bde7-34da0b19e0e6 - Status 200
2023-10-08 12:26:39 - request_log.get_data.send_requests - INFO - Response: GET https://proxy.scrapeops.io/v1/?api_key=4ed7a00a-da59-4ac1-874e-afc361832278&url=https%3A%2F%2Fwww.motogp.com%2Fen%2Friders%2Fvicente-perez%2F66f96bc2-5b52-4f0e-9eb1-bfc3f0a3152c - Status 200
2023-10-08 12:26:40 - request_log.get_data.send_requests - INFO - Response: GET https://proxy.scrapeops.io/v1/?api_key=4ed7a00a-da59-4ac1-874e-afc361832278&url=https%3A%2F%2Fwww.motogp.com%2Fen%2Friders%2Ftatchakorn-buasri%2Febe82b39-3409-485b-9e5c-038667a4a53f - Status 200
2023-10-08 12:26:41 - request_log.get_data.send_requests - INFO - Response: GET https://proxy.scrapeops.io/v1/?api_key=4ed7a00a-da59-4ac1-874e-afc361832278&url=https%3A%2F%2Fwww.motogp.com%2Fen%2Friders%2Ftatsuki-suzuki%2F9555e9c3-71c9-4002-829a-47cc6a417f1e - Status 200
2023-10-08 12:26:41 - request_log.get_data.send_requests - INFO - Response: GET https://proxy.scrapeops.io/v1/?api_key=4ed7a00a-da59-4ac1-874e-afc361832278&url=https%3A%2F%2Fwww.motogp.com%2Fen%2Friders%2Fdavid-salvador-%2F2238f12e-49f4-4bf6-8ca0-13e6a84f81de - Status 200
2023-10-08 12:26:41 - request_log.get_data.send_requests - INFO - Response: GET https://proxy.scrapeops.io/v1/?api_key=4ed7a00a-da59-4ac1-874e-afc361832278&url=https%3A%2F%2Fwww.motogp.com%2Fen%2Friders%2Fkaito-toba%2F5bba215a-a5c3-4053-bd12-9ed4dd85c528 - Status 200
2023-10-08 12:26:41 - request_log.get_data.send_requests - INFO - Response: GET https://proxy.scrapeops.io/v1/?api_key=4ed7a00a-da59-4ac1-874e-afc361832278&url=https%3A%2F%2Fwww.motogp.com%2Fen%2Friders%2Fana-carrasco%2Fe009eeea-dde2-4387-9cbc-100ff2e78578 - Status 200
2023-10-08 12:26:42 - request_log.get_data.send_requests - INFO - Response: GET https://proxy.scrapeops.io/v1/?api_key=4ed7a00a-da59-4ac1-874e-afc361832278&url=https%3A%2F%2Fwww.motogp.com%2Fen%2Friders%2Fxavier-artigas%2Fb24dd9d3-81fa-488d-b05f-b7bcab7c0c55 - Status 200
2023-10-08 12:26:42 - request_log.get_data.send_requests - INFO - Response: GET https://proxy.scrapeops.io/v1/?api_key=4ed7a00a-da59-4ac1-874e-afc361832278&url=https%3A%2F%2Fwww.motogp.com%2Fen%2Friders%2Fdavid-munoz-%2F3061875e-1a3f-4b9d-a974-603becd903a7 - Status 200
2023-10-08 12:26:42 - request_log.get_data.send_requests - INFO - Response: GET https://proxy.scrapeops.io/v1/?api_key=4ed7a00a-da59-4ac1-874e-afc361832278&url=https%3A%2F%2Fwww.motogp.com%2Fen%2Friders%2Fdeniz-oncu%2F7f2593e1-d17e-4a83-9890-d9c383b29898 - Status 200
2023-10-08 12:26:42 - request_log.get_data.send_requests - INFO - Response: GET https://proxy.scrapeops.io/v1/?api_key=4ed7a00a-da59-4ac1-874e-afc361832278&url=https%3A%2F%2Fwww.motogp.com%2Fen%2Friders%2Fivan-ortola%2F6b517083-20d8-40da-9d92-aeb63cdee89d - Status 200
2023-10-08 12:26:42 - request_log.get_data.send_requests - INFO - Response: GET https://proxy.scrapeops.io/v1/?api_key=4ed7a00a-da59-4ac1-874e-afc361832278&url=https%3A%2F%2Fwww.motogp.com%2Fen%2Friders%2Friccardo-rossi%2Fa32e2f69-5b68-4cea-a85f-7cf12adf31f7 - Status 200
2023-10-08 12:26:44 - request_log.get_data.send_requests - INFO - Response: GET https://proxy.scrapeops.io/v1/?api_key=4ed7a00a-da59-4ac1-874e-afc361832278&url=https%3A%2F%2Fwww.motogp.com%2Fen%2Friders%2Fmario-suryo-aji%2F59d0a2fb-df55-46d8-a57f-bf81ca690a5b - Status 200
2023-10-08 12:26:45 - request_log.get_data.send_requests - INFO - Response: GET https://proxy.scrapeops.io/v1/?api_key=4ed7a00a-da59-4ac1-874e-afc361832278&url=https%3A%2F%2Fwww.motogp.com%2Fen%2Friders%2Fsyarifuddin-azman%2F32207c55-16c7-4dea-9d56-05485dd88a93 - Status 200
2023-10-08 12:26:45 - request_log.get_data.send_requests - INFO - Response: GET https://proxy.scrapeops.io/v1/?api_key=4ed7a00a-da59-4ac1-874e-afc361832278&url=https%3A%2F%2Fwww.motogp.com%2Fen%2Friders%2Fromano-fenati%2Fce6cf241-b716-4681-9968-9ec3ccfe2fb5 - Status 200
2023-10-08 12:26:45 - request_log.get_data.send_requests - INFO - Response: GET https://proxy.scrapeops.io/v1/?api_key=4ed7a00a-da59-4ac1-874e-afc361832278&url=https%3A%2F%2Fwww.motogp.com%2Fen%2Friders%2Fjoel-kelso%2F5b5fb07a-f0b6-4f7f-9533-18cad7f0c8f2 - Status 200
2023-10-08 12:26:45 - request_log.get_data.send_requests - INFO - Response: GET https://proxy.scrapeops.io/v1/?api_key=4ed7a00a-da59-4ac1-874e-afc361832278&url=https%3A%2F%2Fwww.motogp.com%2Fen%2Friders%2Fluca-lunetta%2F4023fb10-6a03-420b-a9e1-9926066ab154 - Status 200
2023-10-08 12:26:46 - request_log.get_data.send_requests - INFO - Response: GET https://proxy.scrapeops.io/v1/?api_key=4ed7a00a-da59-4ac1-874e-afc361832278&url=https%3A%2F%2Fwww.motogp.com%2Fen%2Friders%2Fdanial-shahril%2F213cdc0f-7857-4227-bdc3-aecc8de64c03 - Status 200
2023-10-08 12:26:47 - request_log.get_data.send_requests - INFO - Response: GET https://proxy.scrapeops.io/v1/?api_key=4ed7a00a-da59-4ac1-874e-afc361832278&url=https%3A%2F%2Fwww.motogp.com%2Fen%2Friders%2Fstefano-nepa%2F9aa5d44b-39c7-47dd-96ef-a3e0e73499f2 - Status 200
2023-10-08 12:26:47 - request_log.get_data.send_requests - INFO - Response: GET https://proxy.scrapeops.io/v1/?api_key=4ed7a00a-da59-4ac1-874e-afc361832278&url=https%3A%2F%2Fwww.motogp.com%2Fen%2Friders%2Fdavid-alonso%2F96d9b2b4-a26b-427f-b76a-6e1294c341c0 - Status 200
2023-10-08 12:26:48 - request_log.get_data.send_requests - INFO - Response: GET https://proxy.scrapeops.io/v1/?api_key=4ed7a00a-da59-4ac1-874e-afc361832278&url=https%3A%2F%2Fwww.motogp.com%2Fen%2Friders%2Ftaiyo-furusato%2Fe983f2ed-5bac-4ae7-9b54-3ab5fc357500 - Status 200
2023-10-08 12:26:49 - request_log.get_data.send_requests - INFO - Response: GET https://proxy.scrapeops.io/v1/?api_key=4ed7a00a-da59-4ac1-874e-afc361832278&url=https%3A%2F%2Fwww.motogp.com%2Fen%2Friders%2Fcollin-veijer%2F08783adb-15e8-49e4-a6ea-c3ede3d94e7c - Status 200
2023-10-08 12:26:49 - request_log.get_data.send_requests - INFO - Response: GET https://proxy.scrapeops.io/v1/?api_key=4ed7a00a-da59-4ac1-874e-afc361832278&url=https%3A%2F%2Fwww.motogp.com%2Fen%2Friders%2Fdavid-almansa%2Fed2d5631-8fe0-4a21-8449-463657eb7901 - Status 200
2023-10-08 12:26:51 - request_log.get_data.send_requests - INFO - Response: GET https://proxy.scrapeops.io/v1/?api_key=4ed7a00a-da59-4ac1-874e-afc361832278&url=https%3A%2F%2Fwww.motogp.com%2Fen%2Friders%2Fjoshua-whatley%2F6fbcd1bb-b00e-4677-ab94-ffe956f68c76 - Status 200
2023-10-08 12:26:52 - request_log.get_data.send_requests - INFO - Response: GET https://proxy.scrapeops.io/v1/?api_key=4ed7a00a-da59-4ac1-874e-afc361832278&url=https%3A%2F%2Fwww.motogp.com%2Fen%2Friders%2Fdaniel-holgado%2F845c70b2-fe9b-40b6-a558-692cf5f9e6da - Status 200
2023-10-08 12:26:55 - request_log.get_data.send_requests - INFO - Response: GET https://proxy.scrapeops.io/v1/?api_key=4ed7a00a-da59-4ac1-874e-afc361832278&url=https%3A%2F%2Fwww.motogp.com%2Fen%2Friders%2Fjose-antonio-rueda%2F553b174a-1c06-4bed-82b4-efcc035f1a4e - Status 200
2023-10-08 12:26:56 - request_log.get_data.send_requests - INFO - Response: GET https://proxy.scrapeops.io/v1/?api_key=4ed7a00a-da59-4ac1-874e-afc361832278&url=https%3A%2F%2Fwww.motogp.com%2Fen%2Friders%2Fayumu-sasaki%2Fae003ef7-aff4-4903-ab7a-0c40997baa0a - Status 200
2023-10-08 12:27:00 - request_log.get_data.send_requests - INFO - Response: GET https://proxy.scrapeops.io/v1/?api_key=4ed7a00a-da59-4ac1-874e-afc361832278&url=https%3A%2F%2Fwww.motogp.com%2Fen%2Friders%2Fhector-garzo%2Fa9573361-93d6-4e1b-80cc-1023df2e4338 - Status 200
2023-10-08 12:27:01 - request_log.get_data.send_requests - INFO - Response: GET https://proxy.scrapeops.io/v1/?api_key=4ed7a00a-da59-4ac1-874e-afc361832278&url=https%3A%2F%2Fwww.motogp.com%2Fen%2Friders%2Fmaria-herrera%2F149825eb-732a-4190-8ba7-b146f81105cd - Status 200
2023-10-08 12:27:01 - request_log.get_data.send_requests - INFO - Response: GET https://proxy.scrapeops.io/v1/?api_key=4ed7a00a-da59-4ac1-874e-afc361832278&url=https%3A%2F%2Fwww.motogp.com%2Fen%2Friders%2Fandrea-mantovani%2Fff2ad2b9-cd36-4267-98af-6b80851c1683 - Status 200
2023-10-08 12:27:01 - request_log.get_data.send_requests - INFO - Response: GET https://proxy.scrapeops.io/v1/?api_key=4ed7a00a-da59-4ac1-874e-afc361832278&url=https%3A%2F%2Fwww.motogp.com%2Fen%2Friders%2Frandy-krummenacher%2F63d4d220-2ebe-4e1f-af7c-7a589bb66b0b - Status 200
2023-10-08 12:27:01 - request_log.get_data.send_requests - INFO - Response: GET https://proxy.scrapeops.io/v1/?api_key=4ed7a00a-da59-4ac1-874e-afc361832278&url=https%3A%2F%2Fwww.motogp.com%2Fen%2Friders%2Fmika-perez%2F22d03b71-98de-40fc-8ce2-30938e137774 - Status 200
2023-10-08 12:27:03 - request_log.get_data.send_requests - INFO - Response: GET https://proxy.scrapeops.io/v1/?api_key=4ed7a00a-da59-4ac1-874e-afc361832278&url=https%3A%2F%2Fwww.motogp.com%2Fen%2Friders%2Fluca-salvadori%2F086b9ee8-c22b-4bba-b5b8-d098f6da6d9b - Status 200
2023-10-08 12:27:03 - request_log.get_data.send_requests - INFO - Response: GET https://proxy.scrapeops.io/v1/?api_key=4ed7a00a-da59-4ac1-874e-afc361832278&url=https%3A%2F%2Fwww.motogp.com%2Fen%2Friders%2Fnicholas-spinelli%2F0fb14668-014e-4368-b49b-787a90fa69b4 - Status 200
2023-10-08 12:27:04 - request_log.get_data.send_requests - INFO - Response: GET https://proxy.scrapeops.io/v1/?api_key=4ed7a00a-da59-4ac1-874e-afc361832278&url=https%3A%2F%2Fwww.motogp.com%2Fen%2Friders%2Fkevin-zannoni%2F562b1364-6251-4e41-8842-b43ba200b488 - Status 200
2023-10-08 12:27:04 - request_log.get_data.send_requests - INFO - Response: GET https://proxy.scrapeops.io/v1/?api_key=4ed7a00a-da59-4ac1-874e-afc361832278&url=https%3A%2F%2Fwww.motogp.com%2Fen%2Friders%2Fandrea-migno%2Fbda9a7f7-c0b5-46fa-ace0-221d9633b8f1 - Status 200
2023-10-08 12:27:05 - request_log.get_data.send_requests - INFO - Response: GET https://proxy.scrapeops.io/v1/?api_key=4ed7a00a-da59-4ac1-874e-afc361832278&url=https%3A%2F%2Fwww.motogp.com%2Fen%2Friders%2Fkevin-manfredi%2F825b33ea-5044-4b9c-9e9b-8c06cf22a48e - Status 200
2023-10-08 12:27:06 - request_log.get_data.send_requests - INFO - Response: GET https://proxy.scrapeops.io/v1/?api_key=4ed7a00a-da59-4ac1-874e-afc361832278&url=https%3A%2F%2Fwww.motogp.com%2Fen%2Friders%2Feric-granado%2F0bc0347b-7067-4f18-9af6-86a980078954 - Status 200
2023-10-08 12:27:06 - request_log.get_data.send_requests - INFO - Response: GET https://proxy.scrapeops.io/v1/?api_key=4ed7a00a-da59-4ac1-874e-afc361832278&url=https%3A%2F%2Fwww.motogp.com%2Fen%2Friders%2Fmatteo-ferrari%2F68c041fe-d813-48ae-9876-b451d89924ec - Status 200
2023-10-08 12:27:06 - request_log.get_data.send_requests - INFO - Response: GET https://proxy.scrapeops.io/v1/?api_key=4ed7a00a-da59-4ac1-874e-afc361832278&url=https%3A%2F%2Fwww.motogp.com%2Fen%2Friders%2Ftito-rabat%2F5de3cfeb-632b-474a-8bcf-bb1d5841827c - Status 200
2023-10-08 12:27:07 - request_log.get_data.send_requests - INFO - Response: GET https://proxy.scrapeops.io/v1/?api_key=4ed7a00a-da59-4ac1-874e-afc361832278&url=https%3A%2F%2Fwww.motogp.com%2Fen%2Friders%2Falessandro-zaccone%2F785664f9-ac17-4c2d-b66b-d635780637b0 - Status 200
2023-10-08 12:27:07 - request_log.get_data.send_requests - INFO - Response: GET https://proxy.scrapeops.io/v1/?api_key=4ed7a00a-da59-4ac1-874e-afc361832278&url=https%3A%2F%2Fwww.motogp.com%2Fen%2Friders%2Fmattia-casadei%2F69405c95-a8be-49d7-a4fc-9937c6d2f1f5 - Status 200
2023-10-08 12:27:07 - request_log.get_data.send_requests - INFO - Response: GET https://proxy.scrapeops.io/v1/?api_key=4ed7a00a-da59-4ac1-874e-afc361832278&url=https%3A%2F%2Fwww.motogp.com%2Fen%2Friders%2Fmiquel-pons%2Ffa64b680-a352-4168-b60e-387664b18cb5 - Status 200
2023-10-08 12:27:08 - request_log.get_data.send_requests - INFO - Response: GET https://proxy.scrapeops.io/v1/?api_key=4ed7a00a-da59-4ac1-874e-afc361832278&url=https%3A%2F%2Fwww.motogp.com%2Fen%2Friders%2Fjordi-torres%2Fa16709d0-4769-4505-93f2-a9c3b117b93e - Status 200
2023-10-08 12:27:09 - request_log.get_data.send_requests - INFO - Response: GET https://proxy.scrapeops.io/v1/?api_key=4ed7a00a-da59-4ac1-874e-afc361832278&url=https%3A%2F%2Fwww.motogp.com%2Fen%2Friders%2Foscar-gutierrez%2F89fd5a94-89ab-403d-8f02-2626d7a0b435 - Status 200
2023-10-08 12:27:09 - request_log.get_data.send_requests - INFO - Response: GET https://proxy.scrapeops.io/v1/?api_key=4ed7a00a-da59-4ac1-874e-afc361832278&url=https%3A%2F%2Fwww.motogp.com%2Fen%2Friders%2Fhikari-okubo%2F4b215bba-9377-4e83-84c3-f5f54e166dbe - Status 200
2023-10-08 12:27:11 - request_log.get_data.send_requests - INFO - Response: GET https://proxy.scrapeops.io/v1/?api_key=4ed7a00a-da59-4ac1-874e-afc361832278&url=https%3A%2F%2Fwww.motogp.com%2Fen%2Friders%2Falessio-finello%2Fb8064fc9-e3e2-4f96-9d12-453e3512f7ec - Status 200
